[debug] [2026-02-18T17:47:00.364Z] ----------------------------------------------------------------------
[debug] [2026-02-18T17:47:00.366Z] Command:       /usr/local/bin/node /Users/maximilianovaldivia/.npm/_npx/7750544ccf494d8b/node_modules/.bin/firebase login:ci --no-localhost
[debug] [2026-02-18T17:47:00.366Z] CLI Version:   15.6.0
[debug] [2026-02-18T17:47:00.366Z] Platform:      darwin
[debug] [2026-02-18T17:47:00.366Z] Node Version:  v24.13.0
[debug] [2026-02-18T17:47:00.366Z] Time:          Wed Feb 18 2026 14:47:00 GMT-0300 (Argentina Standard Time)
[debug] [2026-02-18T17:47:00.366Z] ----------------------------------------------------------------------
[debug] 
[warn] ⚠  Authenticating with a `login:ci` token is deprecated and will be removed in a future major version of `firebase-tools`. Instead, use a service account key with `GOOGLE_APPLICATION_CREDENTIALS`: https://cloud.google.com/docs/authentication/getting-started 
[debug] [2026-02-18T17:47:00.484Z] >>> [apiv2][query] POST https://auth.firebase.tools/attest [none]
[debug] [2026-02-18T17:47:00.484Z] >>> [apiv2][body] POST https://auth.firebase.tools/attest {"session_id":"140b2e65-047c-47b8-bb50-0481e2f44cf7"}
[debug] [2026-02-18T17:47:01.240Z] <<< [apiv2][status] POST https://auth.firebase.tools/attest 200
[debug] [2026-02-18T17:47:01.241Z] <<< [apiv2][body] POST https://auth.firebase.tools/attest {"token":"Fh28zgmFMG5qTxzfW7IIBWmaStNOaZ76fRHdCRSymIs"}
[info] 
[info] To sign in to the Firebase CLI:
[info] 
[info] 1. Take note of your session ID:
[info] 
[info]    140B2
[info] 
[info] 2. Visit the URL below on any device and follow the instructions to get your code:
[info] 
[info]    https://auth.firebase.tools/login?code_challenge=DwVJIvClth19cEkYSJow_dN6sbgvC55jRYyDgpGanaY&session=140b2e65-047c-47b8-bb50-0481e2f44cf7&attest=Fh28zgmFMG5qTxzfW7IIBWmaStNOaZ76fRHdCRSymIs
[info] 
[info] 3. Paste or enter the authorization code below once you have it:
[info] 
